<?xml version="1.0" encoding="UTF-8"?>
<!-- Generated by org.testng.reporters.JUnitXMLReporter -->
<testsuite ignored="0" hostname="HARIKA1" failures="0" tests="4" name="Test" time="73.329" errors="0" timestamp="2021-06-09T20:30:33 IST">
  <testcase classname="Academy.HomePage" name="basePageNavigation" time="15.636"/>
  <testcase classname="Academy.HomePage" name="basePageNavigation" time="19.245"/>
  <testcase classname="Academy.validateNavigationBar" name="basePageNavigation" time="0.116"/>
  <testcase classname="Academy.validateTitle" name="basePageNavigation" time="0.048"/>
</testsuite> <!-- Test -->
