<?xml version="1.0" encoding="UTF-8"?>
<testng-results ignored="0" total="1" passed="1" failed="0" skipped="0">
  <reporter-output>
  </reporter-output>
  <suite started-at="2021-06-06T14:15:09 IST" name="Default suite" finished-at="2021-06-06T14:15:29 IST" duration-ms="20313">
    <groups>
    </groups>
    <test started-at="2021-06-06T14:15:09 IST" name="Default test" finished-at="2021-06-06T14:15:29 IST" duration-ms="20313">
      <class name="qaclickacademy.ExtendReports.ExtendReportDemo">
        <test-method is-config="true" signature="config()[pri:0, instance:qaclickacademy.ExtendReports.ExtendReportDemo@34f5090e]" started-at="2021-06-06T14:15:09 IST" name="config" finished-at="2021-06-06T14:15:09 IST" duration-ms="500" status="PASS">
          <reporter-output>
          </reporter-output>
        </test-method> <!-- config -->
        <test-method signature="initialDemo()[pri:0, instance:qaclickacademy.ExtendReports.ExtendReportDemo@34f5090e]" started-at="2021-06-06T14:15:09 IST" name="initialDemo" finished-at="2021-06-06T14:15:29 IST" duration-ms="19765" status="PASS">
          <reporter-output>
          </reporter-output>
        </test-method> <!-- initialDemo -->
      </class> <!-- qaclickacademy.ExtendReports.ExtendReportDemo -->
    </test> <!-- Default test -->
  </suite> <!-- Default suite -->
</testng-results>
