<?xml version="1.0" encoding="UTF-8"?>
<!-- Generated by org.testng.reporters.JUnitXMLReporter -->
<testsuite ignored="1" hostname="HARIKA1" failures="0" tests="1" name="positiveLoginTest" time="16.542" errors="0" timestamp="2021-03-18T13:54:12 IST">
  <testcase classname="com.herokuapp.theinternet.LoginTests" name="positiveLoginTest" time="1.72"/>
  <testcase classname="com.herokuapp.theinternet.LoginTests" name="negativeLoginTest" time="0.0">
    <ignored/>
  </testcase> <!-- negativeLoginTest -->
</testsuite> <!-- positiveLoginTest -->
