<?xml version="1.0" encoding="UTF-8"?>
<testng-results ignored="0" total="6" passed="6" failed="0" skipped="0">
  <reporter-output>
  </reporter-output>
  <suite started-at="2021-06-03T16:24:14 IST" name="Suite" finished-at="2021-06-03T16:24:14 IST" duration-ms="83">
    <groups>
    </groups>
    <test started-at="2021-06-03T16:24:14 IST" name="Test" finished-at="2021-06-03T16:24:14 IST" duration-ms="83">
      <class name="qaclickacademy.Mavenjava.AppiumTest">
        <test-method signature="IOSApps()[pri:0, instance:qaclickacademy.Mavenjava.AppiumTest@6a370f4]" started-at="2021-06-03T16:24:14 IST" name="IOSApps" finished-at="2021-06-03T16:24:14 IST" duration-ms="1" status="PASS">
          <reporter-output>
          </reporter-output>
        </test-method> <!-- IOSApps -->
        <test-method signature="NativeAppAndroid()[pri:0, instance:qaclickacademy.Mavenjava.AppiumTest@6a370f4]" started-at="2021-06-03T16:24:14 IST" name="NativeAppAndroid" finished-at="2021-06-03T16:24:14 IST" duration-ms="0" status="PASS">
          <reporter-output>
          </reporter-output>
        </test-method> <!-- NativeAppAndroid -->
      </class> <!-- qaclickacademy.Mavenjava.AppiumTest -->
      <class name="qaclickacademy.Mavenjava.RESTAPITest">
        <test-method signature="deleteTwitter()[pri:0, instance:qaclickacademy.Mavenjava.RESTAPITest@44a7bfbc]" started-at="2021-06-03T16:24:14 IST" name="deleteTwitter" finished-at="2021-06-03T16:24:14 IST" duration-ms="6" status="PASS">
          <reporter-output>
          </reporter-output>
        </test-method> <!-- deleteTwitter -->
        <test-method signature="postJira()[pri:0, instance:qaclickacademy.Mavenjava.RESTAPITest@44a7bfbc]" started-at="2021-06-03T16:24:14 IST" name="postJira" finished-at="2021-06-03T16:24:14 IST" duration-ms="1" status="PASS">
          <reporter-output>
          </reporter-output>
        </test-method> <!-- postJira -->
      </class> <!-- qaclickacademy.Mavenjava.RESTAPITest -->
      <class name="qaclickacademy.Mavenjava.SeleniumTest">
        <test-method signature="BrowserAutomation()[pri:0, instance:qaclickacademy.Mavenjava.SeleniumTest@2abf4075]" started-at="2021-06-03T16:24:14 IST" name="BrowserAutomation" finished-at="2021-06-03T16:24:14 IST" duration-ms="0" status="PASS">
          <reporter-output>
          </reporter-output>
        </test-method> <!-- BrowserAutomation -->
        <test-method signature="elementsUi()[pri:0, instance:qaclickacademy.Mavenjava.SeleniumTest@2abf4075]" started-at="2021-06-03T16:24:14 IST" name="elementsUi" finished-at="2021-06-03T16:24:14 IST" duration-ms="0" status="PASS">
          <reporter-output>
          </reporter-output>
        </test-method> <!-- elementsUi -->
      </class> <!-- qaclickacademy.Mavenjava.SeleniumTest -->
    </test> <!-- Test -->
  </suite> <!-- Suite -->
</testng-results>
