<?xml version="1.0" encoding="UTF-8"?>
<!-- Generated by org.testng.reporters.JUnitXMLReporter -->
<testsuite ignored="2" hostname="HARIKA1" failures="1" tests="5" name="Car loan" time="0.105" errors="0" timestamp="2021-06-03T12:19:50 IST">
  <testcase classname="test.Day3" name="Mobilesignincarloan" time="0.009">
    <failure type="java.lang.AssertionError" message="expected [true] but found [false]">
      <![CDATA[java.lang.AssertionError: expected [true] but found [false]
at test.Day3.Mobilesignincarloan(Day3.java:66)
at java.base/java.util.ArrayList.forEach(ArrayList.java:1541)
at java.base/java.util.concurrent.FutureTask.run(FutureTask.java:264)
at java.base/java.util.concurrent.ThreadPoolExecutor.runWorker(ThreadPoolExecutor.java:1128)
at java.base/java.util.concurrent.ThreadPoolExecutor$Worker.run(ThreadPoolExecutor.java:628)
at java.base/java.lang.Thread.run(Thread.java:834)
... Removed 22 stack frames]]>
    </failure>
  </testcase> <!-- Mobilesignincarloan -->
  <testcase classname="test.Day3" name="Mobilesignoutcarloan" time="0.001"/>
  <testcase classname="test.Day3" name="Mobilesignoutcarloan" time="0.002"/>
  <testcase classname="test.Day3" name="Mobilesignoutcarloan" time="0.002"/>
  <testcase classname="test.Day3" name="Weblogincarloan" time="0.001"/>
  <testcase classname="test.Day3" name="APIcarloan" time="0.0">
    <ignored/>
  </testcase> <!-- APIcarloan -->
  <testcase classname="test.Day3" name="Mobilelogincarloan" time="0.0">
    <ignored/>
  </testcase> <!-- Mobilelogincarloan -->
</testsuite> <!-- Car loan -->
