<?xml version="1.0" encoding="UTF-8"?>
<!-- Generated by org.testng.reporters.JUnitXMLReporter -->
<testsuite ignored="2" hostname="HARIKA1" failures="0" tests="4" name="Personal loan" time="0.079" errors="0" timestamp="2021-06-03T12:19:50 IST">
  <testcase classname="test.Day1" name="Demo" time="0.011"/>
  <testcase classname="test.Day1" name="Secondtest" time="0.004"/>
  <testcase classname="test.Day2" name="something" time="0.005"/>
  <testcase classname="test.Day4" name="LoginAPIhomeloan" time="0.002"/>
  <testcase classname="test.Day4" name="Webloginhomeloan" time="0.0">
    <ignored/>
  </testcase> <!-- Webloginhomeloan -->
  <testcase classname="test.Day4" name="Mobileloginhomeloan" time="0.0">
    <ignored/>
  </testcase> <!-- Mobileloginhomeloan -->
</testsuite> <!-- Personal loan -->
