<?xml version="1.0" encoding="UTF-8"?>
<!-- Generated by org.testng.reporters.JUnitXMLReporter -->
<testsuite ignored="0" hostname="HARIKA1" failures="0" tests="11" name="Test" time="0.131" errors="0" timestamp="2021-06-03T07:42:49 IST">
  <testcase classname="test.Day1" name="Demo" time="0.012"/>
  <testcase classname="test.Day1" name="Secondtest" time="0.005"/>
  <testcase classname="test.Day2" name="something" time="0.002"/>
  <testcase classname="test.Day3" name="APIcarloan" time="0.002"/>
  <testcase classname="test.Day3" name="Mobilelogincarloan" time="0.003"/>
  <testcase classname="test.Day3" name="Mobilesignincarloan" time="0.002"/>
  <testcase classname="test.Day3" name="Mobilesignoutcarloan" time="0.006"/>
  <testcase classname="test.Day3" name="Weblogincarloan" time="0.002"/>
  <testcase classname="test.Day4" name="LoginAPIhomeloan" time="0.003"/>
  <testcase classname="test.Day4" name="Mobileloginhomeloan" time="0.008"/>
  <testcase classname="test.Day4" name="Webloginhomeloan" time="0.003"/>
</testsuite> <!-- Test -->
