<?xml version="1.0" encoding="UTF-8"?>
<testng-results ignored="0" total="1" passed="1" failed="0" skipped="0">
  <reporter-output>
  </reporter-output>
  <suite started-at="2021-06-08T16:34:19 IST" name="Default suite" finished-at="2021-06-08T16:34:56 IST" duration-ms="37138">
    <groups>
    </groups>
    <test started-at="2021-06-08T16:34:19 IST" name="Default test" finished-at="2021-06-08T16:34:56 IST" duration-ms="37138">
      <class name="TestCases.Loginapplication">
        <test-method signature="Login()[pri:0, instance:TestCases.Loginapplication@65b3f4a4]" started-at="2021-06-08T16:34:19 IST" name="Login" finished-at="2021-06-08T16:34:56 IST" duration-ms="37069" status="PASS">
          <reporter-output>
          </reporter-output>
        </test-method> <!-- Login -->
      </class> <!-- TestCases.Loginapplication -->
    </test> <!-- Default test -->
  </suite> <!-- Default suite -->
</testng-results>
