<?xml version="1.0" encoding="UTF-8"?>
<!-- Generated by org.testng.reporters.JUnitXMLReporter -->
<testsuite ignored="1" hostname="HARIKA1" failures="0" tests="1" name="NegativTests" time="18.182" errors="0" timestamp="2021-03-15T16:27:37 IST">
  <testcase classname="com.herokuapp.theinternet.NegativTests" name="invalidTest" time="18.109"/>
  <testcase classname="com.herokuapp.theinternet.NegativTests" name="inCorrectPasswordTest" time="0.0">
    <ignored/>
  </testcase> <!-- inCorrectPasswordTest -->
</testsuite> <!-- NegativTests -->
