<?xml version="1.0" encoding="UTF-8"?>
<!-- Generated by org.testng.reporters.JUnitXMLReporter -->
<testsuite ignored="0" hostname="HARIKA1" failures="0" tests="4" name="Test" time="45.81" errors="0" timestamp="2021-06-09T22:37:34 IST">
  <testcase classname="Academy.HomePage" name="basePageNavigation" time="6.967"/>
  <testcase classname="Academy.HomePage" name="basePageNavigation" time="3.434"/>
  <testcase classname="Academy.validateNavigationBar" name="basePageNavigation" time="0.089"/>
  <testcase classname="Academy.validateTitle" name="basePageNavigation" time="0.036"/>
</testsuite> <!-- Test -->
