<?xml version="1.0" encoding="UTF-8"?>
<!-- Generated by org.testng.reporters.JUnitXMLReporter -->
<testsuite ignored="0" hostname="HARIKA1" failures="0" tests="2" name="Validating user Login" time="49.41" errors="0" timestamp="2021-06-15T13:28:52 IST">
  <testcase classname="io.cucumber.testng.AbstractTestNGCucumberTests" name="runScenario" time="29.037"/>
  <testcase classname="io.cucumber.testng.AbstractTestNGCucumberTests" name="runScenario" time="19.698"/>
</testsuite> <!-- Validating user Login -->
